{"/home/tamatini/Dev/devops_lessons_backend/app.js":{"path":"/home/tamatini/Dev/devops_lessons_backend/app.js","statementMap":{"0":{"start":{"line":1,"column":16},"end":{"line":1,"column":34}},"1":{"start":{"line":2,"column":13},"end":{"line":2,"column":28}},"2":{"start":{"line":3,"column":15},"end":{"line":3,"column":45}},"3":{"start":{"line":5,"column":12},"end":{"line":5,"column":21}},"4":{"start":{"line":7,"column":0},"end":{"line":7,"column":16}},"5":{"start":{"line":8,"column":0},"end":{"line":8,"column":24}},"6":{"start":{"line":9,"column":0},"end":{"line":9,"column":48}},"7":{"start":{"line":11,"column":0},"end":{"line":11,"column":16}},"8":{"start":{"line":13,"column":0},"end":{"line":13,"column":21}}},"fnMap":{},"branchMap":{},"s":{"0":1,"1":1,"2":1,"3":1,"4":1,"5":1,"6":1,"7":1,"8":1},"f":{},"b":{},"_coverageSchema":"1a1c01bbd47fc00a2c39e90264f33305004495a9","hash":"8dc382427a23884e923f09429886ad0d33156c4f","contentHash":"812a5c10f522655b4bc2210b24a600b7b91443b55f736434bedb33ecac950962"},"/home/tamatini/Dev/devops_lessons_backend/src/routes/routes.js":{"path":"/home/tamatini/Dev/devops_lessons_backend/src/routes/routes.js","statementMap":{"0":{"start":{"line":1,"column":15},"end":{"line":1,"column":42}},"1":{"start":{"line":2,"column":21},"end":{"line":2,"column":47}},"2":{"start":{"line":4,"column":0},"end":{"line":4,"column":36}},"3":{"start":{"line":6,"column":0},"end":{"line":6,"column":24}}},"fnMap":{},"branchMap":{},"s":{"0":1,"1":1,"2":1,"3":1},"f":{},"b":{},"_coverageSchema":"1a1c01bbd47fc00a2c39e90264f33305004495a9","hash":"36fdb073db63315982c054b1bc6f4ad7ae4f42ca","contentHash":"a5253f303a9413dc9bdd4ab3f810955da08aa7c9570851edf8ca6dfec2e0d380"},"/home/tamatini/Dev/devops_lessons_backend/src/routes/lesson.routes.js":{"path":"/home/tamatini/Dev/devops_lessons_backend/src/routes/lesson.routes.js","statementMap":{"0":{"start":{"line":1,"column":15},"end":{"line":1,"column":42}},"1":{"start":{"line":2,"column":25},"end":{"line":2,"column":68}},"2":{"start":{"line":4,"column":0},"end":{"line":4,"column":45}},"3":{"start":{"line":5,"column":0},"end":{"line":5,"column":49}},"4":{"start":{"line":6,"column":0},"end":{"line":6,"column":60}},"5":{"start":{"line":7,"column":0},"end":{"line":7,"column":57}},"6":{"start":{"line":8,"column":0},"end":{"line":8,"column":53}},"7":{"start":{"line":10,"column":0},"end":{"line":10,"column":24}}},"fnMap":{},"branchMap":{},"s":{"0":1,"1":1,"2":1,"3":1,"4":1,"5":1,"6":1,"7":1},"f":{},"b":{},"_coverageSchema":"1a1c01bbd47fc00a2c39e90264f33305004495a9","hash":"3c89b163608c8cd32c1decdbe350d1aec3436415","contentHash":"4864529b55dbb2cb080feacb56d71aaaa485a522201fa91bbb90fb8ff056aa23"},"/home/tamatini/Dev/devops_lessons_backend/src/controllers/lesson.controller.js":{"path":"/home/tamatini/Dev/devops_lessons_backend/src/controllers/lesson.controller.js","statementMap":{"0":{"start":{"line":1,"column":16},"end":{"line":1,"column":49}},"1":{"start":{"line":3,"column":19},"end":{"line":10,"column":1}},"2":{"start":{"line":4,"column":2},"end":{"line":9,"column":3}},"3":{"start":{"line":5,"column":20},"end":{"line":5,"column":40}},"4":{"start":{"line":6,"column":4},"end":{"line":6,"column":34}},"5":{"start":{"line":8,"column":4},"end":{"line":8,"column":53}},"6":{"start":{"line":12,"column":24},"end":{"line":19,"column":1}},"7":{"start":{"line":13,"column":2},"end":{"line":18,"column":3}},"8":{"start":{"line":14,"column":19},"end":{"line":14,"column":56}},"9":{"start":{"line":15,"column":4},"end":{"line":15,"column":33}},"10":{"start":{"line":17,"column":4},"end":{"line":17,"column":53}},"11":{"start":{"line":21,"column":19},"end":{"line":43,"column":1}},"12":{"start":{"line":22,"column":2},"end":{"line":42,"column":3}},"13":{"start":{"line":23,"column":17},"end":{"line":23,"column":25}},"14":{"start":{"line":24,"column":18},"end":{"line":24,"column":35}},"15":{"start":{"line":25,"column":4},"end":{"line":37,"column":5}},"16":{"start":{"line":26,"column":6},"end":{"line":28,"column":9}},"17":{"start":{"line":30,"column":24},"end":{"line":34,"column":8}},"18":{"start":{"line":35,"column":6},"end":{"line":35,"column":29}},"19":{"start":{"line":36,"column":6},"end":{"line":36,"column":38}},"20":{"start":{"line":39,"column":4},"end":{"line":41,"column":7}},"21":{"start":{"line":45,"column":21},"end":{"line":66,"column":1}},"22":{"start":{"line":46,"column":2},"end":{"line":65,"column":3}},"23":{"start":{"line":47,"column":17},"end":{"line":47,"column":25}},"24":{"start":{"line":48,"column":18},"end":{"line":48,"column":35}},"25":{"start":{"line":49,"column":4},"end":{"line":60,"column":5}},"26":{"start":{"line":50,"column":6},"end":{"line":52,"column":9}},"27":{"start":{"line":54,"column":21},"end":{"line":54,"column":58}},"28":{"start":{"line":55,"column":6},"end":{"line":55,"column":36}},"29":{"start":{"line":56,"column":6},"end":{"line":56,"column":40}},"30":{"start":{"line":57,"column":6},"end":{"line":57,"column":48}},"31":{"start":{"line":58,"column":6},"end":{"line":58,"column":26}},"32":{"start":{"line":59,"column":6},"end":{"line":59,"column":58}},"33":{"start":{"line":62,"column":4},"end":{"line":64,"column":7}},"34":{"start":{"line":68,"column":21},"end":{"line":84,"column":1}},"35":{"start":{"line":69,"column":2},"end":{"line":83,"column":3}},"36":{"start":{"line":70,"column":19},"end":{"line":70,"column":56}},"37":{"start":{"line":71,"column":4},"end":{"line":75,"column":5}},"38":{"start":{"line":72,"column":6},"end":{"line":74,"column":9}},"39":{"start":{"line":77,"column":4},"end":{"line":77,"column":51}},"40":{"start":{"line":78,"column":4},"end":{"line":78,"column":56}},"41":{"start":{"line":80,"column":4},"end":{"line":82,"column":7}},"42":{"start":{"line":86,"column":20},"end":{"line":100,"column":1}},"43":{"start":{"line":87,"column":2},"end":{"line":89,"column":3}},"44":{"start":{"line":88,"column":4},"end":{"line":88,"column":31}},"45":{"start":{"line":91,"column":2},"end":{"line":93,"column":3}},"46":{"start":{"line":92,"column":4},"end":{"line":92,"column":33}},"47":{"start":{"line":95,"column":2},"end":{"line":97,"column":3}},"48":{"start":{"line":96,"column":4},"end":{"line":96,"column":45}},"49":{"start":{"line":99,"column":2},"end":{"line":99,"column":14}},"50":{"start":{"line":102,"column":0},"end":{"line":108,"column":2}}},"fnMap":{"0":{"name":"(anonymous_0)","decl":{"start":{"line":3,"column":19},"end":{"line":3,"column":20}},"loc":{"start":{"line":3,"column":39},"end":{"line":10,"column":1}},"line":3},"1":{"name":"(anonymous_1)","decl":{"start":{"line":12,"column":24},"end":{"line":12,"column":25}},"loc":{"start":{"line":12,"column":44},"end":{"line":19,"column":1}},"line":12},"2":{"name":"(anonymous_2)","decl":{"start":{"line":21,"column":19},"end":{"line":21,"column":20}},"loc":{"start":{"line":21,"column":39},"end":{"line":43,"column":1}},"line":21},"3":{"name":"(anonymous_3)","decl":{"start":{"line":45,"column":21},"end":{"line":45,"column":22}},"loc":{"start":{"line":45,"column":41},"end":{"line":66,"column":1}},"line":45},"4":{"name":"(anonymous_4)","decl":{"start":{"line":68,"column":21},"end":{"line":68,"column":22}},"loc":{"start":{"line":68,"column":41},"end":{"line":84,"column":1}},"line":68},"5":{"name":"(anonymous_5)","decl":{"start":{"line":86,"column":20},"end":{"line":86,"column":21}},"loc":{"start":{"line":86,"column":32},"end":{"line":100,"column":1}},"line":86}},"branchMap":{"0":{"loc":{"start":{"line":25,"column":4},"end":{"line":37,"column":5}},"type":"if","locations":[{"start":{"line":25,"column":4},"end":{"line":37,"column":5}},{"start":{"line":25,"column":4},"end":{"line":37,"column":5}}],"line":25},"1":{"loc":{"start":{"line":49,"column":4},"end":{"line":60,"column":5}},"type":"if","locations":[{"start":{"line":49,"column":4},"end":{"line":60,"column":5}},{"start":{"line":49,"column":4},"end":{"line":60,"column":5}}],"line":49},"2":{"loc":{"start":{"line":71,"column":4},"end":{"line":75,"column":5}},"type":"if","locations":[{"start":{"line":71,"column":4},"end":{"line":75,"column":5}},{"start":{"line":71,"column":4},"end":{"line":75,"column":5}}],"line":71},"3":{"loc":{"start":{"line":87,"column":2},"end":{"line":89,"column":3}},"type":"if","locations":[{"start":{"line":87,"column":2},"end":{"line":89,"column":3}},{"start":{"line":87,"column":2},"end":{"line":89,"column":3}}],"line":87},"4":{"loc":{"start":{"line":87,"column":6},"end":{"line":87,"column":42}},"type":"binary-expr","locations":[{"start":{"line":87,"column":6},"end":{"line":87,"column":19}},{"start":{"line":87,"column":23},"end":{"line":87,"column":42}}],"line":87},"5":{"loc":{"start":{"line":91,"column":2},"end":{"line":93,"column":3}},"type":"if","locations":[{"start":{"line":91,"column":2},"end":{"line":93,"column":3}},{"start":{"line":91,"column":2},"end":{"line":93,"column":3}}],"line":91},"6":{"loc":{"start":{"line":91,"column":6},"end":{"line":91,"column":46}},"type":"binary-expr","locations":[{"start":{"line":91,"column":6},"end":{"line":91,"column":21}},{"start":{"line":91,"column":25},"end":{"line":91,"column":46}}],"line":91},"7":{"loc":{"start":{"line":95,"column":2},"end":{"line":97,"column":3}},"type":"if","locations":[{"start":{"line":95,"column":2},"end":{"line":97,"column":3}},{"start":{"line":95,"column":2},"end":{"line":97,"column":3}}],"line":95}},"s":{"0":1,"1":1,"2":4,"3":4,"4":4,"5":0,"6":1,"7":5,"8":5,"9":3,"10":2,"11":1,"12":4,"13":4,"14":4,"15":4,"16":3,"17":1,"18":1,"19":1,"20":0,"21":1,"22":5,"23":5,"24":5,"25":5,"26":3,"27":2,"28":2,"29":2,"30":2,"31":2,"32":2,"33":0,"34":1,"35":1,"36":1,"37":1,"38":0,"39":1,"40":1,"41":0,"42":1,"43":9,"44":2,"45":7,"46":2,"47":5,"48":2,"49":3,"50":1},"f":{"0":4,"1":5,"2":4,"3":5,"4":1,"5":9},"b":{"0":[3,1],"1":[3,2],"2":[0,1],"3":[2,7],"4":[9,7],"5":[2,5],"6":[7,5],"7":[2,3]},"_coverageSchema":"1a1c01bbd47fc00a2c39e90264f33305004495a9","hash":"f9a807e22b062c305eef8393f73f4baf4479efdb","contentHash":"0cff4c6f57a7004fea73b52695f1184fa0e3684186597456089c518ae5d2d93a"},"/home/tamatini/Dev/devops_lessons_backend/src/models/lesson.model.js":{"path":"/home/tamatini/Dev/devops_lessons_backend/src/models/lesson.model.js","statementMap":{"0":{"start":{"line":1,"column":20},"end":{"line":1,"column":39}},"1":{"start":{"line":3,"column":21},"end":{"line":22,"column":2}},"2":{"start":{"line":24,"column":15},"end":{"line":24,"column":53}},"3":{"start":{"line":28,"column":0},"end":{"line":28,"column":24}}},"fnMap":{},"branchMap":{},"s":{"0":1,"1":1,"2":1,"3":1},"f":{},"b":{},"_coverageSchema":"1a1c01bbd47fc00a2c39e90264f33305004495a9","hash":"44b74c63ecab2d181357087147070aca849a4ab2","contentHash":"3cf55fca9728ed51dbe6fa05939aa61bac6d135c4f73f64bead0610c1e31901a"},"/home/tamatini/Dev/devops_lessons_backend/src/database/connect.database.js":{"path":"/home/tamatini/Dev/devops_lessons_backend/src/database/connect.database.js","statementMap":{"0":{"start":{"line":1,"column":17},"end":{"line":1,"column":36}},"1":{"start":{"line":3,"column":16},"end":{"line":12,"column":1}},"2":{"start":{"line":4,"column":2},"end":{"line":11,"column":7}},"3":{"start":{"line":7,"column":6},"end":{"line":7,"column":55}},"4":{"start":{"line":10,"column":6},"end":{"line":10,"column":72}},"5":{"start":{"line":14,"column":14},"end":{"line":20,"column":1}},"6":{"start":{"line":15,"column":2},"end":{"line":19,"column":7}},"7":{"start":{"line":18,"column":6},"end":{"line":18,"column":65}},"8":{"start":{"line":22,"column":22},"end":{"line":33,"column":1}},"9":{"start":{"line":23,"column":4},"end":{"line":32,"column":5}},"10":{"start":{"line":24,"column":28},"end":{"line":24,"column":59}},"11":{"start":{"line":25,"column":8},"end":{"line":28,"column":9}},"12":{"start":{"line":26,"column":29},"end":{"line":26,"column":45}},"13":{"start":{"line":27,"column":10},"end":{"line":27,"column":62}},"14":{"start":{"line":31,"column":8},"end":{"line":31,"column":59}},"15":{"start":{"line":35,"column":24},"end":{"line":44,"column":1}},"16":{"start":{"line":36,"column":32},"end":{"line":36,"column":64}},"17":{"start":{"line":37,"column":2},"end":{"line":43,"column":3}},"18":{"start":{"line":38,"column":19},"end":{"line":38,"column":51}},"19":{"start":{"line":39,"column":16},"end":{"line":39,"column":31}},"20":{"start":{"line":40,"column":4},"end":{"line":40,"column":32}},"21":{"start":{"line":42,"column":4},"end":{"line":42,"column":70}},"22":{"start":{"line":46,"column":0},"end":{"line":51,"column":2}}},"fnMap":{"0":{"name":"(anonymous_0)","decl":{"start":{"line":3,"column":16},"end":{"line":3,"column":17}},"loc":{"start":{"line":3,"column":47},"end":{"line":12,"column":1}},"line":3},"1":{"name":"(anonymous_1)","decl":{"start":{"line":6,"column":10},"end":{"line":6,"column":11}},"loc":{"start":{"line":6,"column":16},"end":{"line":8,"column":5}},"line":6},"2":{"name":"(anonymous_2)","decl":{"start":{"line":9,"column":11},"end":{"line":9,"column":12}},"loc":{"start":{"line":9,"column":20},"end":{"line":11,"column":5}},"line":9},"3":{"name":"(anonymous_3)","decl":{"start":{"line":14,"column":14},"end":{"line":14,"column":15}},"loc":{"start":{"line":14,"column":26},"end":{"line":20,"column":1}},"line":14},"4":{"name":"(anonymous_4)","decl":{"start":{"line":17,"column":11},"end":{"line":17,"column":12}},"loc":{"start":{"line":17,"column":20},"end":{"line":19,"column":5}},"line":17},"5":{"name":"(anonymous_5)","decl":{"start":{"line":22,"column":22},"end":{"line":22,"column":23}},"loc":{"start":{"line":22,"column":34},"end":{"line":33,"column":1}},"line":22},"6":{"name":"(anonymous_6)","decl":{"start":{"line":35,"column":24},"end":{"line":35,"column":25}},"loc":{"start":{"line":35,"column":36},"end":{"line":44,"column":1}},"line":35}},"branchMap":{},"s":{"0":1,"1":1,"2":0,"3":0,"4":0,"5":1,"6":5,"7":0,"8":1,"9":21,"10":21,"11":21,"12":21,"13":21,"14":0,"15":1,"16":5,"17":5,"18":5,"19":5,"20":5,"21":0,"22":1},"f":{"0":0,"1":0,"2":0,"3":5,"4":0,"5":21,"6":5},"b":{},"_coverageSchema":"1a1c01bbd47fc00a2c39e90264f33305004495a9","hash":"9b382e7864e18a67c1a45a8cd583f5c219bd06df","contentHash":"a322183cb19857b5c2b76cbcb05f2dda7a6636094f7731a0050a31921c64dc74"}}